2023-02-08T05:06:35.161Z PUT /sendjson HTTP/1.1 404 1363 13.151 ms
2023-02-08T05:06:37.499Z PUT /sendjson HTTP/1.1 404 1363 1.834 ms
2023-02-08T05:07:41.257Z POST /getform HTTP/1.1 404 1363 2.205 ms
2023-02-08T05:09:03.564Z POST /getencoded HTTP/1.1 200 45 3.635 ms
2023-02-08T05:09:54.507Z PUT /getjson HTTP/1.1 200 61 13.990 ms
2023-02-08T05:11:41.519Z POST /getencoded HTTP/1.1 200 43 16.017 ms
2023-02-08T05:12:42.853Z PUT /getjson HTTP/1.1 200 61 14.723 ms
2023-02-08T05:50:21.423Z POST /getencoded HTTP/1.1 200 55 16.860 ms
2023-02-16T18:27:48.784Z GET / HTTP/1.1 200 470 9.408 ms
2023-02-16T18:27:48.806Z GET /styles/index.css HTTP/1.1 200 147 3.617 ms
2023-02-16T18:27:48.808Z GET /images/jshaha.jpg HTTP/1.1 200 47488 3.411 ms
2023-02-16T18:27:48.817Z GET /images/Easy-to-use.gif HTTP/1.1 200 42016 2.681 ms
2023-02-16T18:27:48.818Z GET /images/userInterface.png HTTP/1.1 200 141300 3.110 ms
2023-02-16T18:27:55.920Z GET /about HTTP/1.1 500 2423 9.604 ms
2023-02-16T18:28:03.402Z GET /hbs HTTP/1.1 200 72 22.503 ms
2023-03-11T19:00:11.389Z GET /fetchpage.html HTTP/1.1 200 340 5.497 ms
2023-03-11T19:00:11.441Z GET /scripts/fetchinfo.js HTTP/1.1 200 724 6.687 ms
2023-03-11T19:01:22.367Z GET /fetchpage.html HTTP/1.1 200 340 5.285 ms
2023-03-11T19:01:22.407Z GET /scripts/fetchinfo.js HTTP/1.1 200 724 1.784 ms
2023-03-11T19:02:56.454Z PUT /getjson HTTP/1.1 200 61 91156.790 ms
2023-03-11T19:04:29.444Z PUT /getjson HTTP/1.1 200 61 14598.216 ms
2023-03-11T19:04:55.376Z PUT /getjson HTTP/1.1 200 61 2122.796 ms
2023-10-24T20:01:40.076Z PUT /getjson HTTP/1.1 200 61 23.739 ms
2023-10-24T20:02:59.870Z GET /p/a/t/h/ HTTP/1.1 404 1363 17.339 ms
2023-10-24T20:03:35.338Z POST /getencoded HTTP/1.1 200 43 5.562 ms
